"../../../Engine/Content/Functions/Engine_MaterialFunctions01/Shading/PowerToRoughness.uasset" 0
"../../../Engine/Content/Functions/Engine_MaterialFunctions01/Shading/ConvertFromDiffSpec.uasset" 1
"../../../Engine/Content/EngineMaterials/DefaultDiffuse.uasset" 2
"../../../Engine/Content/EngineMaterials/DefaultDeferredDecalMaterial.uasset" 3
"../../../Engine/Content/EngineMaterials/DefaultLightFunctionMaterial.uasset" 4
"../../../Engine/Content/Functions/Engine_MaterialFunctions02/Utility/BreakOutFloat2Components.uasset" 5
"../../../Engine/Content/EngineMaterials/DefaultPostProcessMaterial.uasset" 6
"../../../Engine/Content/EditorMaterials/Camera/CineMat.uasset" 7
"../../../Engine/Content/EditorMaterials/Camera/MI_CineMat_Rig.uasset" 8
"../../../Engine/Content/EditorMeshes/Camera/SM_CraneRig_Base.uasset" 9
"../../../Engine/Content/EditorMeshes/Camera/SM_CraneRig_Arm.uasset" 10
"../../../Engine/Content/EditorMeshes/Camera/SM_CraneRig_Mount.uasset" 11
"../../../Engine/Content/EditorMeshes/Camera/SM_CraneRig_Body.uasset" 12
"../../../Engine/Content/EditorMeshes/Camera/SM_RailRig_Track.uasset" 13
"../../../Engine/Content/EditorMeshes/Camera/SM_RailRig_Mount.uasset" 14
"../../../Engine/Content/EngineResources/AICON-Red.uasset" 15
"../../../Engine/Content/EngineResources/AICON-Green.uasset" 16
"../../../Engine/Content/EngineFonts/Roboto.uasset" 17
"../../../Engine/Content/EngineResources/DefaultTexture.uasset" 18
"../../../Engine/Content/Functions/Engine_MaterialFunctions01/Texturing/ScaleUVsByCenter.uasset" 19
"../../../Engine/Content/Functions/Engine_MaterialFunctions02/ScreenResolution.uasset" 20
"../../../Engine/Content/Functions/Engine_MaterialFunctions02/Texturing/ScreenAlignedUVs.uasset" 21
"../../../Engine/Content/EngineResources/WhiteSquareTexture.uasset" 22
"../../../Engine/Content/EngineMaterials/Widget3DPassThrough.uasset" 23
"../../../Engine/Content/EngineMaterials/Widget3DPassThrough_Translucent.uasset" 24
"../../../Engine/Content/EngineMaterials/Widget3DPassThrough_Translucent_OneSided.uasset" 25
"../../../Engine/Content/EngineMaterials/Widget3DPassThrough_Opaque.uasset" 26
"../../../Engine/Content/EngineMaterials/Widget3DPassThrough_Opaque_OneSided.uasset" 27
"../../../Engine/Content/EngineMaterials/Widget3DPassThrough_Masked.uasset" 28
"../../../Engine/Content/EngineMaterials/Widget3DPassThrough_Masked_OneSided.uasset" 29
"../../../Engine/Content/EditorResources/S_Actor.uasset" 30
"../../../Engine/Content/EngineSky/EpicQuadPanorama_CC+EV1.uasset" 31
"../../../Engine/Content/Maps/Templates/Thumbnails/Default.uasset" 32
"../../../Engine/Content/Maps/Templates/Thumbnails/VR-Basic.uasset" 33
"../../../Engine/Content/EditorMaterials/ParticleSystems/PSysThumbnail_NoImage.uasset" 34
"../../../Engine/Content/EditorMaterials/ParticleSystems/PSysThumbnail_OOD.uasset" 35
"../../../Engine/Content/EditorLandscapeResources/DataLayer.uasset" 36
"../../../Engine/Content/EngineDamageTypes/DmgTypeBP_Environmental.uasset" 37
"../../../Engine/Content/EngineMeshes/Sphere.uasset" 38
"../../../Engine/Content/EngineFonts/RobotoDistanceField.uasset" 39
"../../../Engine/Content/EngineMaterials/DefaultTextMaterialOpaque.uasset" 40
"../../../Engine/Content/EditorResources/S_Trigger.uasset" 41
"../../../Engine/Content/EngineResources/GradientTexture0.uasset" 42
"../../../Engine/Content/EngineResources/Black.uasset" 43
"../../../Engine/Content/EditorMaterials/MatineeGroups/MAT_Groups_Float.uasset" 44
"../../../Engine/Content/EditorMaterials/MatineeGroups/MAT_Groups_Director.uasset" 45
"../../../Engine/Content/EditorMaterials/MatineeGroups/MAT_Groups_Event.uasset" 46
"../../../Engine/Content/EditorMaterials/MatineeGroups/MAT_Groups_Anim.uasset" 47
"../../../Engine/Content/EditorMaterials/MatineeGroups/MAT_Groups_Fade.uasset" 48
"../../../Engine/Content/EditorMaterials/MatineeGroups/MAT_Groups_Move.uasset" 49
"../../../Engine/Content/EditorMaterials/MatineeGroups/MAT_Groups_Slomo.uasset" 50
"../../../Engine/Content/EditorMaterials/MatineeGroups/MAT_ColorTrack.uasset" 51
"../../../Engine/Content/EditorMaterials/MAT_Groups_Toggle.uasset" 52
"../../../Engine/Content/EditorMaterials/MatineeGroups/MAT_Groups_AudioMaster.uasset" 53
"../../../Engine/Content/EditorMaterials/MatineeGroups/MAT_Groups_Sound.uasset" 54
"../../../Engine/Content/EditorMaterials/MatineeGroups/MAT_Groups_Vector.uasset" 55
"../../../Engine/Content/EditorMaterials/MAT_Groups_Visibility.uasset" 56
"../../../Engine/Content/EngineResources/DefaultTextureCube.uasset" 57
"../../../Engine/Content/Functions/Engine_MaterialFunctions01/Opacity/CameraDepthFade.uasset" 58
"../../../Engine/Content/EngineMaterials/T_Default_Material_Grid_M.uasset" 59
"../../../Engine/Content/EngineMaterials/T_Default_Material_Grid_N.uasset" 60
"../../../Engine/Content/EngineMaterials/DefaultMaterial.uasset" 61
"../../../Engine/Content/EngineMeshes/Cylinder.uasset" 62
"../../../Engine/Content/EngineTireTypes/DefaultTireType.uasset" 63
"../../../Engine/Content/VREditor/LaserPointer/VR_LaserPower_01.uasset" 64
"../../../Engine/Content/VREditor/TransformGizmo/TransformGizmoMaterial.uasset" 65
"../../../Engine/Content/VREditor/TransformGizmo/TranslucentTransformGizmoMaterial.uasset" 66
"../../../Engine/Content/VREditor/TransformGizmo/UniformScaleHandle.uasset" 67
"../../../Engine/Content/VREditor/TransformGizmo/TranslateHandleLong.uasset" 68
"../../../Engine/Content/VREditor/TransformGizmo/PlaneTranslationHandle.uasset" 69
"../../../Engine/Content/VREditor/TransformGizmo/RotationHandleFull.uasset" 70
"../../../Engine/Content/VREditor/TransformGizmo/StretchingHandle.uasset" 71
"../../../Engine/Content/VREditor/TransformGizmo/BoundingBoxCorner.uasset" 72
"../../../Engine/Content/VREditor/TransformGizmo/BoundingBoxEdge.uasset" 73
"../../../Engine/Content/VREditor/UI/SelectionBarMesh.uasset" 74
"../../../Engine/Content/VREditor/UI/CloseButtonMesh.uasset" 75
"../../../Engine/Content/VREditor/FloatingText/LineMaterial.uasset" 76
"../../../Engine/Content/VREditor/FloatingText/LineSegmentCylinder.uasset" 77
"../../../Engine/Content/VREditor/FloatingText/JointSphere.uasset" 78
"../../../Engine/Content/VREditor/Fonts/VRText_RobotoLarge.uasset" 79
"../../../Engine/Content/VREditor/Fonts/VRTextMaterial.uasset" 80
"../../../Engine/Content/VREditor/Fonts/TranslucentVRTextMaterial.uasset" 81
"../../../Engine/Content/VREditor/TransformGizmo/TranslationHandle.uasset" 82
"../../../Engine/Content/VREditor/TransformGizmo/RotationHandle.uasset" 83
"../../../Engine/Content/VREditor/Devices/Generic/GenericHMDMaterial.uasset" 84
"../../../Engine/Content/VREditor/Devices/Generic/GenericHMD.uasset" 85
"../../../Engine/Content/Functions/Engine_MaterialFunctions01/Gradient/RadialGradient.uasset" 86
"../../../Engine/Content/EditorLandscapeResources/FlattenHeightMat.uasset" 87
"../../../Engine/Content/VREditor/WorldMovementGrid/PlaneMesh.uasset" 88
"../../../Engine/Content/VREditor/WorldMovementGrid/SimpleGrid.uasset" 89
"../../../Engine/Content/VREditor/WorldMovementGrid/GridMaterial.uasset" 90
"../../../Engine/Content/VREditor/LaserPointer/LaserPointerMaterial.uasset" 91
"../../../Engine/Content/VREditor/LaserPointer/LaserPointerMaterialInst.uasset" 92
"../../../Engine/Content/VREditor/LaserPointer/TranslucentLaserPointerMaterialInst.uasset" 93
"../../../Engine/Content/VREditor/LaserPointer/LaserPointerMesh.uasset" 94
"../../../Engine/Content/Functions/Engine_MaterialFunctions01/Density/ExponentialDensity.uasset" 95
"../../../Engine/Content/VREditor/WorldMovementGrid/GridPostProcess.uasset" 96
"../../../Engine/Content/VREditor/Sounds/VR_teleport_Cue.uasset" 97
"../../../Engine/Content/VREditor/Sounds/VR_grab_Cue.uasset" 98
"../../../Engine/Content/Tutorial/Basics/TutorialAssets/icon_tab_Levels_40x.uasset" 99
"../../../Engine/Content/Tutorial/BlueprintTutorials/TutorialAssets/Blueprint_64x.uasset" 100
"../../../Engine/Content/Tutorial/ContentIntroCurve.uasset" 101
"../../../Engine/Plugins/2D/Paper2D/Content/PlaceholderTextures/DummySpriteTexture.uasset" 102
"../../../Engine/Plugins/2D/Paper2D/Content/DefaultSpriteMaterial.uasset" 103
"../../../Engine/Plugins/2D/Paper2D/Content/MaskedUnlitSpriteMaterial.uasset" 104
"../../../Engine/Plugins/2D/Paper2D/Content/OpaqueUnlitSpriteMaterial.uasset" 105
"../../../Engine/Plugins/2D/Paper2D/Content/DummySprite.uasset" 106
"../../../Engine/Plugins/2D/Paper2D/Content/DefaultPaperTerrainMaterial.uasset" 107
"../../../Engine/Content/EngineMaterials/RemoveSurfaceMaterial.uasset" 108
"../../../Engine/Content/EngineDebugMaterials/DebugMeshMaterial.uasset" 109
"../../../Engine/Content/EngineMaterials/InvalidLightmapSettings.uasset" 110
"../../../Engine/Content/EngineMaterials/M_InvalidLightmapSettings.uasset" 111
"../../../Engine/Content/EditorMaterials/GizmoMaterial.uasset" 112
"../../../Engine/Content/EngineMaterials/PhAT_JointLimitMaterial.uasset" 113
"../../../Engine/Content/EngineMaterials/Good64x64TilingNoiseHighFreq.uasset" 114
"../../../Engine/Content/EngineMaterials/DefaultBokeh.uasset" 115
"../../../Engine/Content/EngineMaterials/PreintegratedSkinBRDF.uasset" 116
"../../../Engine/Content/EngineMaterials/MiniFont.uasset" 117
"../../../Engine/Content/EngineMaterials/WeightMapPlaceholderTexture.uasset" 118
"../../../Engine/Content/EngineMaterials/DefaultWhiteGrid.uasset" 119
"../../../Engine/Content/EngineMaterials/DefaultPhysicalMaterial.uasset" 120
"../../../Engine/Content/EngineFonts/RobotoTiny.uasset" 121
"../../../Engine/Content/EditorSounds/Notifications/CompileSuccess.uasset" 122
"../../../Engine/Content/EditorSounds/Notifications/CompileStart_Cue.uasset" 123
"../../../Engine/Content/EditorSounds/Notifications/CompileSuccess_Cue.uasset" 124
"../../../Engine/Content/EditorSounds/Notifications/CompileFailed.uasset" 125
"../../../Engine/Content/EditorSounds/Notifications/CompileFailed_Cue.uasset" 126
"../../../Engine/Content/EngineMaterials/WorldGridMaterial.uasset" 127
"../../../Engine/Content/BasicShapes/Cube.uasset" 128
"../../../Engine/Content/BasicShapes/Cylinder.uasset" 129
"../../../Engine/Content/BasicShapes/Cone.uasset" 130
"../../../Engine/Content/EditorResources/BSPVertex.uasset" 131
"../../../Engine/Content/EngineDebugMaterials/GeomMaterial.uasset" 132
"../../../Engine/Content/EngineDebugMaterials/HeatmapGradient.uasset" 133
"../../../Engine/Content/EngineDebugMaterials/BoneWeightMaterial.uasset" 134
"../../../Engine/Content/EditorMaterials/PreviewShadowIndicator.uasset" 135
"../../../Engine/Content/EditorMaterials/PreviewShadowIndicatorMaterial.uasset" 136
"../../../Engine/Content/EngineMaterials/EditorBrushMaterial.uasset" 137
"../../../Engine/Content/EditorMeshes/ColorCalibrator/M_ChromeBall.uasset" 138
"../../../Engine/Content/EditorMeshes/ColorCalibrator/M_ClearCoat.uasset" 139
"../../../Engine/Content/EditorMeshes/ColorCalibrator/M_ClearCoatBlack.uasset" 140
"../../../Engine/Content/EditorMeshes/ColorCalibrator/T_ColorGrid.uasset" 141
"../../../Engine/Content/EditorMeshes/ColorCalibrator/M_ColorGrid.uasset" 142
"../../../Engine/Content/EditorMeshes/ColorCalibrator/M_GreyBall.uasset" 143
"../../../Engine/Content/EditorMeshes/ColorCalibrator/SM_ColorCalibrator.uasset" 144
"../../../Engine/Content/MobileResources/HUD/VirtualJoystick_Background.uasset" 145
"../../../Engine/Content/MobileResources/HUD/VirtualJoystick_Thumb.uasset" 146
"../../../Engine/Content/MobileResources/HUD/DefaultVirtualJoysticks.uasset" 147
"../../../Engine/Content/Tutorial/SubEditors/TutorialAssets/icon_Editor_Preferences_General_40x.uasset" 148
"../../../Engine/Content/Tutorial/Paper2D/TutorialAssets/Paper2DSprite_TutorialIcon.uasset" 149
"../../../Engine/Content/Tutorial/SubEditors/TutorialAssets/icon_ShowSkeletalMeshes_40x.uasset" 150
"../../../Engine/Content/Tutorial/Landscape/TutorialAssets/Landscape.uasset" 151
"../../../Engine/Content/Tutorial/Foliage/TutorialAssets/Foliage.uasset" 152
"../../../Engine/Content/Tutorial/BlueprintTutorials/TutorialAssets/BlueprintMacroLibrary_64x.uasset" 153
"../../../Engine/Content/Tutorial/BlueprintTutorials/TutorialAssets/BlueprintInterface_64x.uasset" 154
"../../../Engine/Content/Tutorial/Paper2D/TutorialAssets/Paper2DFlipbook_TutorialIcon.uasset" 155
"../../../Engine/Content/MobileResources/HUD/T_Castle_ThumbstickInner.uasset" 156
"../../../Engine/Content/MobileResources/HUD/MobileHUDDirectionPad3.uasset" 157
"../../../Engine/Content/EditorResources/EmptyActor.uasset" 158
"../../../Engine/Content/MobileResources/HUD/MobileHUDDirectionPad.uasset" 159
"../../../Engine/Content/EngineMeshes/Cube.uasset" 160
"../../../Engine/Content/Tutorial/BlueprintTutorials/TutorialAssets/Tutorial_BP_Interface.uasset" 161
"../../../Engine/Content/EditorMeshes/EditorCube.uasset" 162
"../../../Engine/Content/Tutorial/SubEditors/TutorialAssets/Tutorial_DM.uasset" 163
"../../../Engine/Content/Tutorial/SubEditors/TutorialAssets/TutorialMaterial.uasset" 164
"../../../Engine/Content/Tutorial/SubEditors/TutorialAssets/T_SmokeSubUV_8X8.uasset" 165
"../../../Engine/Content/Tutorial/SubEditors/TutorialAssets/T_soft_smoke.uasset" 166
"../../../Engine/Content/Tutorial/SubEditors/TutorialAssets/M_smoke_subUV_blackbody.uasset" 167
"../../../Engine/Content/Tutorial/SubEditors/TutorialAssets/TutorialParticleSystem.uasset" 168
"../../../Engine/Content/MobileResources/HUD/MobileHUDButton2_off.uasset" 169
"../../../Engine/Content/MobileResources/HUD/MobileHUDButton1_on.uasset" 170
"../../../Engine/Content/MobileResources/HUD/MobileHUDButton1_off.uasset" 171
"../../../Engine/Content/MobileResources/HUD/LeftVirtualJoystickOnly.uasset" 172
"../../../Engine/Content/MobileResources/HUD/AnalogHat.uasset" 173
"../../../Engine/Content/MobileResources/T_MobileMenu2.uasset" 174
"../../../Engine/Content/MobileResources/T_MobileControls_texture.uasset" 175
"../../../MyFish/Content/TmpMaterial/TMPMaterial.uasset" 176
"../../../MyFish/Content/TmpMaterial/TMPMaterial_Inst5.uasset" 177
"../../../MyFish/Content/TmpMaterial/TMPMaterial_Inst4.uasset" 178
"../../../MyFish/Content/TmpMaterial/TMPMaterial_Inst3.uasset" 179
"../../../MyFish/Content/TmpMaterial/TMPMaterial_Inst.uasset" 180
"../../../MyFish/Content/FishSk/YellowFinTuna/yellowtuna_05_Skeleton.uasset" 181
"../../../MyFish/Content/FishSk/YellowFinTuna/yellowtuna_05_PhysicsAsset.uasset" 182
"../../../MyFish/Content/FishSk/WhiteShark/whitebite_13_Skeleton.uasset" 183
"../../../MyFish/Content/FishSk/WhiteShark/whitebite_13_PhysicsAsset.uasset" 184
"../../../MyFish/Content/FishSk/WhiteShark/whitebite_13_Anim.uasset" 185
"../../../MyFish/Content/FishSk/MakoShark/makoshako_14_Skeleton.uasset" 186
"../../../MyFish/Content/FishSk/MakoShark/makoshako_14_PhysicsAsset.uasset" 187
"../../../MyFish/Content/FishSk/MakoShark/makoshako_14_Anim.uasset" 188
"../../../MyFish/Content/FishSk/Mackerel/mack_06_Skeleton.uasset" 189
"../../../MyFish/Content/FishSk/Mackerel/mack_06_PhysicsAsset.uasset" 190
"../../../MyFish/Content/FishSk/FalseAlbacore/false_05_Skeleton.uasset" 191
"../../../MyFish/Content/FishSk/FalseAlbacore/false_05_PhysicsAsset.uasset" 192
"../../../MyFish/Content/FishSk/BlueFinTuna/bluetuna_07_Skeleton.uasset" 193
"../../../MyFish/Content/FishSk/BlueFinTuna/bluetuna_07_PhysicsAsset.uasset" 194
"../../../MyFish/Content/TmpMaterial/TMPMaterial_Inst2.uasset" 195
"../../../Engine/Content/BasicShapes/Sphere.uasset" 196
"../../../MyFish/Content/Blueprints/BP_FishLeader1.uasset" 197
"../../../MyFish/Content/FishSk/BlueFinTuna/bluetuna_texture2.uasset" 198
"../../../MyFish/Content/FishSk/BlueFinTuna/bluetuna_texture.uasset" 199
"../../../MyFish/Content/FishSk/BlueFinTuna/bluetuna_07_Skeleton2.uasset" 200
"../../../MyFish/Content/FishSk/BlueFinTuna/bluetuna_07.uasset" 201
"../../../MyFish/Content/Blueprints/BP_Fish8.uasset" 202
"../../../Engine/Content/MobileResources/HUD/MobileHUDDirectionStick.uasset" 203
"../../../Engine/Content/MobileResources/HUD/T_Castle_ThumbstickOutter.uasset" 204
"../../../Engine/Content/MobileResources/HUD/MobileHUDDirectionPad2.uasset" 205
"../../../Engine/Content/MobileResources/HUD/MobileHUDButtonFire.uasset" 206
"../../../Engine/Content/MobileResources/HUD/MobileHUDButton3.uasset" 207
"../../../Engine/Content/MobileResources/HUD/MobileHUDButton2_on.uasset" 208
"../../../Engine/Content/EngineMaterials/DefaultNormal.uasset" 209
"../../../Engine/Content/Maps/Entry.umap" 210
"../../../MyFish/Content/Blueprints/BP_SplineFishLeader.uasset" 211
"../../../Engine/Content/EditorBlueprintResources/StandardMacros.uasset" 212
"../../../Engine/Content/EngineSky/C_Sky_Cloud_Color.uasset" 213
"../../../Engine/Content/EngineSky/C_Sky_Horizon_Color.uasset" 214
"../../../Engine/Content/EngineSky/C_Sky_Zenith_Color.uasset" 215
"../../../Engine/Content/EngineSky/T_Sky_Blue.uasset" 216
"../../../Engine/Content/EngineSky/T_Sky_Clouds_M.uasset" 217
"../../../Engine/Content/EngineSky/T_Sky_Stars.uasset" 218
"../../../Engine/Content/EngineSky/M_Sky_Panning_Clouds2.uasset" 219
"../../../Engine/Content/EngineSky/SM_SkySphere.uasset" 220
"../../../Engine/Content/EngineSky/BP_Sky_Sphere.uasset" 221
"../../../MyFish/Content/Blueprints/BP_Fish1.uasset" 222
"../../../MyFish/Content/Blueprints/BP_FishLeader2.uasset" 223
"../../../MyFish/Content/FishSk/FalseAlbacore/false_texture2.uasset" 224
"../../../MyFish/Content/FishSk/FalseAlbacore/false_texture.uasset" 225
"../../../MyFish/Content/FishSk/FalseAlbacore/false_05_Skeleton2.uasset" 226
"../../../MyFish/Content/FishSk/FalseAlbacore/false_05.uasset" 227
"../../../MyFish/Content/Blueprints/BP_Fish2.uasset" 228
"../../../MyFish/Content/Blueprints/BP_FishLeader3.uasset" 229
"../../../MyFish/Content/FishSk/YellowFinTuna/yellowtuna_texture2.uasset" 230
"../../../MyFish/Content/FishSk/YellowFinTuna/yellowtuna_texture.uasset" 231
"../../../MyFish/Content/FishSk/YellowFinTuna/yellowtuna_05_Skeleton2.uasset" 232
"../../../MyFish/Content/FishSk/YellowFinTuna/yellowtuna_05.uasset" 233
"../../../MyFish/Content/Blueprints/BP_Fish3.uasset" 234
"../../../MyFish/Content/Blueprints/BP_FishLeader4.uasset" 235
"../../../MyFish/Content/FishSk/Mackerel/mack_texture2.uasset" 236
"../../../MyFish/Content/FishSk/Mackerel/mack_texture.uasset" 237
"../../../MyFish/Content/FishSk/Mackerel/mack_06_Skeleton2.uasset" 238
"../../../MyFish/Content/FishSk/Mackerel/mack_06.uasset" 239
"../../../MyFish/Content/Blueprints/BP_Fish4.uasset" 240
"../../../MyFish/Content/Blueprints/BP_FishLeader5.uasset" 241
"../../../MyFish/Content/FishSk/MakoShark/makoshako_texture2.uasset" 242
"../../../MyFish/Content/FishSk/MakoShark/makoshako_texture.uasset" 243
"../../../MyFish/Content/FishSk/MakoShark/makoshako_14_Skeleton2.uasset" 244
"../../../MyFish/Content/FishSk/MakoShark/makoshako_14.uasset" 245
"../../../MyFish/Content/Blueprints/BP_Fish5.uasset" 246
"../../../MyFish/Content/Blueprints/BP_FishLeader6.uasset" 247
"../../../MyFish/Content/FishSk/WhiteShark/whitebite_texture2.uasset" 248
"../../../MyFish/Content/FishSk/WhiteShark/whitebite_texture.uasset" 249
"../../../MyFish/Content/FishSk/WhiteShark/whitebite_13_Skeleton2.uasset" 250
"../../../MyFish/Content/FishSk/WhiteShark/whitebite_13.uasset" 251
"../../../MyFish/Content/Blueprints/BP_Fish6.uasset" 252
"../../../MyFish/Content/Blueprints/BP_FishLeader7.uasset" 253
"../../../MyFish/Content/OceanFloor/Textures/T_FishA_BC.uasset" 254
"../../../MyFish/Content/OceanFloor/Textures/T_FishA_N.uasset" 255
"../../../MyFish/Content/OceanFloor/Textures/T_WaveNoise_BC.uasset" 256
"../../../MyFish/Content/OceanFloor/Materials/M_FishA.uasset" 257
"../../../MyFish/Content/OceanFloor/Meshes/SM_Plane.uasset" 258
"../../../MyFish/Content/Blueprints/BP_Fish7.uasset" 259
"../../../Engine/Content/BasicShapes/BasicShapeMaterial.uasset" 260
"../../../MyFish/Content/Blueprints/BP_Obstacle.uasset" 261
"../../../MyFish/Content/Blueprints/BP_Spawner.uasset" 262
"../../../MyFish/Content/Blueprints/BP_CheckFishCharacter.uasset" 263
"../../../MyFish/Content/Blueprints/TestGameMode.uasset" 264
"../../../Engine/Content/MapTemplates/SM_Template_Map_Floor.uasset" 265
"../../../MyFish/Content/Maps/TestMap.umap" 266
